# JRE version: OpenJDK Runtime Environment (8.0_242-b01) (build 1.8.0_242-release-1644-b01)
# Java VM: OpenJDK 64-Bit Server VM (25.242-b01 mixed mode windows-amd64 compressed oops)
Heap:
 PSYoungGen      total 74240K, used 20172K [0x00000000e0000000, 0x00000000e5500000, 0x0000000100000000)
  eden space 64512K, 16% used [0x00000000e0000000,0x00000000e0a33c10,0x00000000e3f00000)
  from space 9728K, 99% used [0x00000000e4980000,0x00000000e52ff5a8,0x00000000e5300000)
  to   space 10752K, 0% used [0x00000000e3f00000,0x00000000e3f00000,0x00000000e4980000)
 ParOldGen       total 58368K, used 9962K [0x00000000a0000000, 0x00000000a3900000, 0x00000000e0000000)
  object space 58368K, 17% used [0x00000000a0000000,0x00000000a09ba878,0x00000000a3900000)
 Metaspace       used 33186K, capacity 34344K, committed 34560K, reserved 1079296K
  class space    used 4488K, capacity 4783K, committed 4864K, reserved 1048576K
GC Heap History (10 events):
Event: 2.926 GC heap before
{Heap before GC invocations=5 (full 0):
 PSYoungGen      total 37888K, used 37856K [0x00000000e0000000, 0x00000000e2a00000, 0x0000000100000000)
  eden space 32768K, 100% used [0x00000000e0000000,0x00000000e2000000,0x00000000e2000000)
  from space 5120K, 99% used [0x00000000e2500000,0x00000000e29f8020,0x00000000e2a00000)
  to   space 5120K, 0% used [0x00000000e2000000,0x00000000e2000000,0x00000000e2500000)
 ParOldGen       total 86016K, used 3102K [0x00000000a0000000, 0x00000000a5400000, 0x00000000e0000000)
  object space 86016K, 3% used [0x00000000a0000000,0x00000000a0307a80,0x00000000a5400000)
 Metaspace       used 17535K, capacity 18182K, committed 18560K, reserved 1064960K
  class space    used 2395K, capacity 2575K, committed 2688K, reserved 1048576K
Event: 2.932 GC heap after
Heap after GC invocations=5 (full 0):
 PSYoungGen      total 37888K, used 5120K [0x00000000e0000000, 0x00000000e5300000, 0x0000000100000000)
  eden space 32768K, 0% used [0x00000000e0000000,0x00000000e0000000,0x00000000e2000000)
  from space 5120K, 100% used [0x00000000e2000000,0x00000000e2500000,0x00000000e2500000)
  to   space 9728K, 0% used [0x00000000e4980000,0x00000000e4980000,0x00000000e5300000)
 ParOldGen       total 86016K, used 5826K [0x00000000a0000000, 0x00000000a5400000, 0x00000000e0000000)
  object space 86016K, 6% used [0x00000000a0000000,0x00000000a05b0918,0x00000000a5400000)
 Metaspace       used 17535K, capacity 18182K, committed 18560K, reserved 1064960K
  class space    used 2395K, capacity 2575K, committed 2688K, reserved 1048576K
}
Event: 3.219 GC heap before
{Heap before GC invocations=6 (full 0):
 PSYoungGen      total 37888K, used 37612K [0x00000000e0000000, 0x00000000e5300000, 0x0000000100000000)
  eden space 32768K, 99% used [0x00000000e0000000,0x00000000e1fbb3b0,0x00000000e2000000)
  from space 5120K, 100% used [0x00000000e2000000,0x00000000e2500000,0x00000000e2500000)
  to   space 9728K, 0% used [0x00000000e4980000,0x00000000e4980000,0x00000000e5300000)
 ParOldGen       total 86016K, used 5826K [0x00000000a0000000, 0x00000000a5400000, 0x00000000e0000000)
  object space 86016K, 6% used [0x00000000a0000000,0x00000000a05b0918,0x00000000a5400000)
 Metaspace       used 20455K, capacity 21146K, committed 21248K, reserved 1067008K
  class space    used 2850K, capacity 3033K, committed 3072K, reserved 1048576K
Event: 3.226 GC heap after
Heap after GC invocations=6 (full 0):
 PSYoungGen      total 74240K, used 9070K [0x00000000e0000000, 0x00000000e5500000, 0x0000000100000000)
  eden space 64512K, 0% used [0x00000000e0000000,0x00000000e0000000,0x00000000e3f00000)
  from space 9728K, 93% used [0x00000000e4980000,0x00000000e525bab0,0x00000000e5300000)
  to   space 10752K, 0% used [0x00000000e3f00000,0x00000000e3f00000,0x00000000e4980000)
 ParOldGen       total 86016K, used 5834K [0x00000000a0000000, 0x00000000a5400000, 0x00000000e0000000)
  object space 86016K, 6% used [0x00000000a0000000,0x00000000a05b2918,0x00000000a5400000)
 Metaspace       used 20455K, capacity 21146K, committed 21248K, reserved 1067008K
  class space    used 2850K, capacity 3033K, committed 3072K, reserved 1048576K
}
Event: 3.226 GC heap before
{Heap before GC invocations=7 (full 1):
 PSYoungGen      total 74240K, used 9070K [0x00000000e0000000, 0x00000000e5500000, 0x0000000100000000)
  eden space 64512K, 0% used [0x00000000e0000000,0x00000000e0000000,0x00000000e3f00000)
  from space 9728K, 93% used [0x00000000e4980000,0x00000000e525bab0,0x00000000e5300000)
  to   space 10752K, 0% used [0x00000000e3f00000,0x00000000e3f00000,0x00000000e4980000)
 ParOldGen       total 86016K, used 5834K [0x00000000a0000000, 0x00000000a5400000, 0x00000000e0000000)
  object space 86016K, 6% used [0x00000000a0000000,0x00000000a05b2918,0x00000000a5400000)
 Metaspace       used 20455K, capacity 21146K, committed 21248K, reserved 1067008K
  class space    used 2850K, capacity 3033K, committed 3072K, reserved 1048576K
Event: 3.252 GC heap after
Heap after GC invocations=7 (full 1):
 PSYoungGen      total 74240K, used 0K [0x00000000e0000000, 0x00000000e5500000, 0x0000000100000000)
  eden space 64512K, 0% used [0x00000000e0000000,0x00000000e0000000,0x00000000e3f00000)
  from space 9728K, 0% used [0x00000000e4980000,0x00000000e4980000,0x00000000e5300000)
  to   space 10752K, 0% used [0x00000000e3f00000,0x00000000e3f00000,0x00000000e4980000)
 ParOldGen       total 58368K, used 9159K [0x00000000a0000000, 0x00000000a3900000, 0x00000000e0000000)
  object space 58368K, 15% used [0x00000000a0000000,0x00000000a08f1e78,0x00000000a3900000)
 Metaspace       used 20455K, capacity 21146K, committed 21248K, reserved 1067008K
  class space    used 2850K, capacity 3033K, committed 3072K, reserved 1048576K
}
Event: 3.899 GC heap before
{Heap before GC invocations=8 (full 1):
 PSYoungGen      total 74240K, used 64512K [0x00000000e0000000, 0x00000000e5500000, 0x0000000100000000)
  eden space 64512K, 100% used [0x00000000e0000000,0x00000000e3f00000,0x00000000e3f00000)
  from space 9728K, 0% used [0x00000000e4980000,0x00000000e4980000,0x00000000e5300000)
  to   space 10752K, 0% used [0x00000000e3f00000,0x00000000e3f00000,0x00000000e4980000)
 ParOldGen       total 58368K, used 9159K [0x00000000a0000000, 0x00000000a3900000, 0x00000000e0000000)
  object space 58368K, 15% used [0x00000000a0000000,0x00000000a08f1e78,0x00000000a3900000)
 Metaspace       used 24363K, capacity 25356K, committed 25600K, reserved 1071104K
  class space    used 3473K, capacity 3736K, committed 3840K, reserved 1048576K
Event: 3.911 GC heap after
Heap after GC invocations=8 (full 1):
 PSYoungGen      total 75264K, used 5999K [0x00000000e0000000, 0x00000000e5500000, 0x0000000100000000)
  eden space 64512K, 0% used [0x00000000e0000000,0x00000000e0000000,0x00000000e3f00000)
  from space 10752K, 55% used [0x00000000e3f00000,0x00000000e44dbf98,0x00000000e4980000)
  to   space 9728K, 0% used [0x00000000e4980000,0x00000000e4980000,0x00000000e5300000)
 ParOldGen       total 58368K, used 9167K [0x00000000a0000000, 0x00000000a3900000, 0x00000000e0000000)
  object space 58368K, 15% used [0x00000000a0000000,0x00000000a08f3e78,0x00000000a3900000)
 Metaspace       used 24363K, capacity 25356K, committed 25600K, reserved 1071104K
  class space    used 3473K, capacity 3736K, committed 3840K, reserved 1048576K
}
Event: 4.732 GC heap before
{Heap before GC invocations=9 (full 1):
 PSYoungGen      total 75264K, used 70511K [0x00000000e0000000, 0x00000000e5500000, 0x0000000100000000)
  eden space 64512K, 100% used [0x00000000e0000000,0x00000000e3f00000,0x00000000e3f00000)
  from space 10752K, 55% used [0x00000000e3f00000,0x00000000e44dbf98,0x00000000e4980000)
  to   space 9728K, 0% used [0x00000000e4980000,0x00000000e4980000,0x00000000e5300000)
 ParOldGen       total 58368K, used 9167K [0x00000000a0000000, 0x00000000a3900000, 0x00000000e0000000)
  object space 58368K, 15% used [0x00000000a0000000,0x00000000a08f3e78,0x00000000a3900000)
 Metaspace       used 32730K, capacity 33842K, committed 33920K, reserved 1079296K
  class space    used 4411K, capacity 4730K, committed 4736K, reserved 1048576K
Event: 4.747 GC heap after
Heap after GC invocations=9 (full 1):
 PSYoungGen      total 74240K, used 9725K [0x00000000e0000000, 0x00000000e5500000, 0x0000000100000000)
  eden space 64512K, 0% used [0x00000000e0000000,0x00000000e0000000,0x00000000e3f00000)
  from space 9728K, 99% used [0x00000000e4980000,0x00000000e52ff5a8,0x00000000e5300000)
  to   space 10752K, 0% used [0x00000000e3f00000,0x00000000e3f00000,0x00000000e4980000)
 ParOldGen       total 58368K, used 9962K [0x00000000a0000000, 0x00000000a3900000, 0x00000000e0000000)
  object space 58368K, 17% used [0x00000000a0000000,0x00000000a09ba878,0x00000000a3900000)
 Metaspace       used 32730K, capacity 33842K, committed 33920K, reserved 1079296K
  class space    used 4411K, capacity 4730K, committed 4736K, reserved 1048576K
}

